<?xml version="1.0" encoding="UTF-8"?>
<!-- Generated by org.testng.reporters.JUnitXMLReporter -->
<testsuite ignored="0" hostname="ASCINLAP61474" failures="0" tests="4" name="Default test" time="9.552" errors="0" timestamp="2025-10-16T21:55:43 IST">
  <testcase classname="Pack1.Lab8_TestNG" name="verifyHomePageTitle" time="0.018"/>
  <testcase classname="Pack1.Lab8_TestNG" name="navigateToMacSection" time="0.485"/>
  <testcase classname="Pack1.Lab8_TestNG" name="sortAndAddToCart" time="0.379"/>
  <testcase classname="Pack1.Lab8_TestNG" name="searchMonitorsAndRefine" time="0.72"/>
</testsuite> <!-- Default test -->
